0 verbose cli C:\Program Files\nodejs\node.exe C:\Users\bdani\AppData\Roaming\npm\node_modules\npm\bin\npm-cli.js
1 info using npm@10.2.3
2 info using node@v18.18.0
3 timing npm:load:whichnode Completed in 2ms
4 timing config:load:defaults Completed in 2ms
5 timing config:load:file:C:\Users\bdani\AppData\Roaming\npm\node_modules\npm\npmrc Completed in 4ms
6 timing config:load:builtin Completed in 4ms
7 timing config:load:cli Completed in 3ms
8 timing config:load:env Completed in 1ms
9 timing config:load:file:C:\Users\bdani\Desktop\Bázisnet\test-project\.npmrc Completed in 0ms
10 timing config:load:project Completed in 2ms
11 timing config:load:file:C:\Users\bdani\.npmrc Completed in 0ms
12 timing config:load:user Completed in 0ms
13 timing config:load:file:C:\Users\bdani\AppData\Roaming\npm\etc\npmrc Completed in 1ms
14 timing config:load:global Completed in 1ms
15 timing config:load:setEnvs Completed in 1ms
16 timing config:load Completed in 14ms
17 timing npm:load:configload Completed in 14ms
18 timing config:load:flatten Completed in 3ms
19 timing npm:load:mkdirpcache Completed in 1ms
20 timing npm:load:mkdirplogs Completed in 0ms
21 verbose title npm install
22 verbose argv "install" "--loglevel" "error" "--legacy-peer-deps"
23 timing npm:load:setTitle Completed in 1ms
24 timing npm:load:display Completed in 1ms
25 verbose logfile logs-max:10 dir:C:\Users\bdani\Desktop\Bázisnet\test-project\UsersbdaniAppDataLocalnpm-cache\_logs\2024-07-04T16_00_30_990Z-
26 verbose logfile C:\Users\bdani\Desktop\Bázisnet\test-project\UsersbdaniAppDataLocalnpm-cache\_logs\2024-07-04T16_00_30_990Z-debug-0.log
27 timing npm:load:logFile Completed in 10ms
28 timing npm:load:timers Completed in 0ms
29 timing npm:load:configScope Completed in 0ms
30 timing npm:load Completed in 59ms
31 timing arborist:ctor Completed in 1ms
32 silly logfile done cleaning log files
33 timing idealTree:init Completed in 460ms
34 timing idealTree:userRequests Completed in 0ms
35 silly idealTree buildDeps
36 silly fetch manifest vue@^3.2.13
37 timing arborist:ctor Completed in 1ms
38 http fetch GET 200 https://registry.npmmirror.com/vue 2025ms (cache miss)
39 silly fetch manifest vue-router@^4.0.3
40 http fetch GET 200 https://registry.npmmirror.com/vue-router 503ms (cache miss)
41 silly placeDep ROOT vue@3.4.31 OK for: test-project@0.1.0 want: ^3.2.13
42 silly fetch manifest @vue/server-renderer@3.4.31
43 silly fetch manifest @vue/runtime-dom@3.4.31
44 silly placeDep ROOT vue-router@4.4.0 OK for: test-project@0.1.0 want: ^4.0.3
45 silly fetch manifest @vue/devtools-api@^6.5.1
46 http fetch GET 200 https://registry.npmmirror.com/@vue%2fserver-renderer 465ms (cache miss)
47 http fetch GET 200 https://registry.npmmirror.com/@vue%2fruntime-dom 758ms (cache miss)
48 http fetch GET 200 https://registry.npmmirror.com/@vue%2fdevtools-api 1198ms (cache miss)
49 timing idealTree:#root Completed in 3752ms
50 silly placeDep ROOT @vue/runtime-dom@3.4.31 OK for: vue@3.4.31 want: 3.4.31
51 silly fetch manifest csstype@^3.1.3
52 silly fetch manifest @vue/runtime-core@3.4.31
53 silly fetch manifest @vue/reactivity@3.4.31
54 silly placeDep ROOT @vue/server-renderer@3.4.31 OK for: vue@3.4.31 want: 3.4.31
55 http fetch GET 200 https://registry.npmmirror.com/csstype 525ms (cache miss)
56 http fetch GET 200 https://registry.npmmirror.com/@vue%2fruntime-core 531ms (cache miss)
57 http fetch GET 200 https://registry.npmmirror.com/@vue%2freactivity 610ms (cache miss)
58 timing idealTree:node_modules/vue Completed in 616ms
59 silly placeDep ROOT @vue/reactivity@3.4.31 OK for: @vue/runtime-dom@3.4.31 want: 3.4.31
60 silly placeDep ROOT @vue/runtime-core@3.4.31 OK for: @vue/runtime-dom@3.4.31 want: 3.4.31
61 silly placeDep ROOT csstype@3.1.3 OK for: @vue/runtime-dom@3.4.31 want: ^3.1.3
62 timing idealTree:node_modules/@vue/runtime-dom Completed in 5ms
63 timing idealTree:node_modules/@vue/reactivity Completed in 0ms
64 timing idealTree:node_modules/@vue/runtime-core Completed in 0ms
65 timing idealTree:node_modules/@vue/server-renderer Completed in 0ms
66 timing idealTree:node_modules/csstype Completed in 0ms
67 silly placeDep ROOT @vue/devtools-api@6.6.3 OK for: vue-router@4.4.0 want: ^6.5.1
68 timing idealTree:node_modules/vue-router Completed in 2ms
69 timing idealTree:node_modules/@vue/devtools-api Completed in 0ms
70 timing idealTree:buildDeps Completed in 4378ms
71 timing idealTree:fixDepFlags Completed in 4ms
72 timing idealTree Completed in 4851ms
73 timing reify:loadTrees Completed in 4852ms
74 timing reify:diffTrees Completed in 26ms
75 silly reify moves {}
76 timing reify:retireShallow Completed in 1ms
77 timing reify:createSparse Completed in 2ms
78 timing reify:loadBundles Completed in 0ms
79 silly audit bulk request {
79 silly audit   '@achrinza/node-ipc': [ '9.2.9' ],
79 silly audit   '@ampproject/remapping': [ '2.3.0' ],
79 silly audit   '@babel/code-frame': [ '7.24.7' ],
79 silly audit   '@babel/compat-data': [ '7.24.7' ],
79 silly audit   '@babel/core': [ '7.24.7' ],
79 silly audit   '@babel/generator': [ '7.24.7' ],
79 silly audit   '@babel/helper-annotate-as-pure': [ '7.24.7' ],
79 silly audit   '@babel/helper-builder-binary-assignment-operator-visitor': [ '7.24.7' ],
79 silly audit   '@babel/helper-compilation-targets': [ '7.24.7' ],
79 silly audit   '@babel/helper-create-class-features-plugin': [ '7.24.7' ],
79 silly audit   '@babel/helper-create-regexp-features-plugin': [ '7.24.7' ],
79 silly audit   '@babel/helper-define-polyfill-provider': [ '0.6.2' ],
79 silly audit   '@babel/helper-environment-visitor': [ '7.24.7' ],
79 silly audit   '@babel/helper-function-name': [ '7.24.7' ],
79 silly audit   '@babel/helper-hoist-variables': [ '7.24.7' ],
79 silly audit   '@babel/helper-member-expression-to-functions': [ '7.24.7' ],
79 silly audit   '@babel/helper-module-imports': [ '7.24.7', '7.22.15' ],
79 silly audit   '@babel/helper-module-transforms': [ '7.24.7' ],
79 silly audit   '@babel/helper-optimise-call-expression': [ '7.24.7' ],
79 silly audit   '@babel/helper-plugin-utils': [ '7.24.7' ],
79 silly audit   '@babel/helper-remap-async-to-generator': [ '7.24.7' ],
79 silly audit   '@babel/helper-replace-supers': [ '7.24.7' ],
79 silly audit   '@babel/helper-simple-access': [ '7.24.7' ],
79 silly audit   '@babel/helper-skip-transparent-expression-wrappers': [ '7.24.7' ],
79 silly audit   '@babel/helper-split-export-declaration': [ '7.24.7' ],
79 silly audit   '@babel/helper-string-parser': [ '7.24.7' ],
79 silly audit   '@babel/helper-validator-identifier': [ '7.24.7' ],
79 silly audit   '@babel/helper-validator-option': [ '7.24.7' ],
79 silly audit   '@babel/helper-wrap-function': [ '7.24.7' ],
79 silly audit   '@babel/helpers': [ '7.24.7' ],
79 silly audit   '@babel/highlight': [ '7.24.7' ],
79 silly audit   '@babel/parser': [ '7.24.7' ],
79 silly audit   '@babel/plugin-bugfix-firefox-class-in-computed-class-key': [ '7.24.7' ],
79 silly audit   '@babel/plugin-bugfix-safari-id-destructuring-collision-in-function-expression': [ '7.24.7' ],
79 silly audit   '@babel/plugin-bugfix-v8-spread-parameters-in-optional-chaining': [ '7.24.7' ],
79 silly audit   '@babel/plugin-bugfix-v8-static-class-fields-redefine-readonly': [ '7.24.7' ],
79 silly audit   '@babel/plugin-proposal-class-properties': [ '7.18.6' ],
79 silly audit   '@babel/plugin-proposal-decorators': [ '7.24.7' ],
79 silly audit   '@babel/plugin-proposal-private-property-in-object': [ '7.21.0-placeholder-for-preset-env.2' ],
79 silly audit   '@babel/plugin-syntax-async-generators': [ '7.8.4' ],
79 silly audit   '@babel/plugin-syntax-class-properties': [ '7.12.13' ],
79 silly audit   '@babel/plugin-syntax-class-static-block': [ '7.14.5' ],
79 silly audit   '@babel/plugin-syntax-decorators': [ '7.24.7' ],
79 silly audit   '@babel/plugin-syntax-dynamic-import': [ '7.8.3' ],
79 silly audit   '@babel/plugin-syntax-export-namespace-from': [ '7.8.3' ],
79 silly audit   '@babel/plugin-syntax-import-assertions': [ '7.24.7' ],
79 silly audit   '@babel/plugin-syntax-import-attributes': [ '7.24.7' ],
79 silly audit   '@babel/plugin-syntax-import-meta': [ '7.10.4' ],
79 silly audit   '@babel/plugin-syntax-json-strings': [ '7.8.3' ],
79 silly audit   '@babel/plugin-syntax-jsx': [ '7.24.7' ],
79 silly audit   '@babel/plugin-syntax-logical-assignment-operators': [ '7.10.4' ],
79 silly audit   '@babel/plugin-syntax-nullish-coalescing-operator': [ '7.8.3' ],
79 silly audit   '@babel/plugin-syntax-numeric-separator': [ '7.10.4' ],
79 silly audit   '@babel/plugin-syntax-object-rest-spread': [ '7.8.3' ],
79 silly audit   '@babel/plugin-syntax-optional-catch-binding': [ '7.8.3' ],
79 silly audit   '@babel/plugin-syntax-optional-chaining': [ '7.8.3' ],
79 silly audit   '@babel/plugin-syntax-private-property-in-object': [ '7.14.5' ],
79 silly audit   '@babel/plugin-syntax-top-level-await': [ '7.14.5' ],
79 silly audit   '@babel/plugin-syntax-unicode-sets-regex': [ '7.18.6' ],
79 silly audit   '@babel/plugin-transform-arrow-functions': [ '7.24.7' ],
79 silly audit   '@babel/plugin-transform-async-generator-functions': [ '7.24.7' ],
79 silly audit   '@babel/plugin-transform-async-to-generator': [ '7.24.7' ],
79 silly audit   '@babel/plugin-transform-block-scoped-functions': [ '7.24.7' ],
79 silly audit   '@babel/plugin-transform-block-scoping': [ '7.24.7' ],
79 silly audit   '@babel/plugin-transform-class-properties': [ '7.24.7' ],
79 silly audit   '@babel/plugin-transform-class-static-block': [ '7.24.7' ],
79 silly audit   '@babel/plugin-transform-classes': [ '7.24.7' ],
79 silly audit   '@babel/plugin-transform-computed-properties': [ '7.24.7' ],
79 silly audit   '@babel/plugin-transform-destructuring': [ '7.24.7' ],
79 silly audit   '@babel/plugin-transform-dotall-regex': [ '7.24.7' ],
79 silly audit   '@babel/plugin-transform-duplicate-keys': [ '7.24.7' ],
79 silly audit   '@babel/plugin-transform-dynamic-import': [ '7.24.7' ],
79 silly audit   '@babel/plugin-transform-exponentiation-operator': [ '7.24.7' ],
79 silly audit   '@babel/plugin-transform-export-namespace-from': [ '7.24.7' ],
79 silly audit   '@babel/plugin-transform-for-of': [ '7.24.7' ],
79 silly audit   '@babel/plugin-transform-function-name': [ '7.24.7' ],
79 silly audit   '@babel/plugin-transform-json-strings': [ '7.24.7' ],
79 silly audit   '@babel/plugin-transform-literals': [ '7.24.7' ],
79 silly audit   '@babel/plugin-transform-logical-assignment-operators': [ '7.24.7' ],
79 silly audit   '@babel/plugin-transform-member-expression-literals': [ '7.24.7' ],
79 silly audit   '@babel/plugin-transform-modules-amd': [ '7.24.7' ],
79 silly audit   '@babel/plugin-transform-modules-commonjs': [ '7.24.7' ],
79 silly audit   '@babel/plugin-transform-modules-systemjs': [ '7.24.7' ],
79 silly audit   '@babel/plugin-transform-modules-umd': [ '7.24.7' ],
79 silly audit   '@babel/plugin-transform-named-capturing-groups-regex': [ '7.24.7' ],
79 silly audit   '@babel/plugin-transform-new-target': [ '7.24.7' ],
79 silly audit   '@babel/plugin-transform-nullish-coalescing-operator': [ '7.24.7' ],
79 silly audit   '@babel/plugin-transform-numeric-separator': [ '7.24.7' ],
79 silly audit   '@babel/plugin-transform-object-rest-spread': [ '7.24.7' ],
79 silly audit   '@babel/plugin-transform-object-super': [ '7.24.7' ],
79 silly audit   '@babel/plugin-transform-optional-catch-binding': [ '7.24.7' ],
79 silly audit   '@babel/plugin-transform-optional-chaining': [ '7.24.7' ],
79 silly audit   '@babel/plugin-transform-parameters': [ '7.24.7' ],
79 silly audit   '@babel/plugin-transform-private-methods': [ '7.24.7' ],
79 silly audit   '@babel/plugin-transform-private-property-in-object': [ '7.24.7' ],
79 silly audit   '@babel/plugin-transform-property-literals': [ '7.24.7' ],
79 silly audit   '@babel/plugin-transform-regenerator': [ '7.24.7' ],
79 silly audit   '@babel/plugin-transform-reserved-words': [ '7.24.7' ],
79 silly audit   '@babel/plugin-transform-runtime': [ '7.24.7' ],
79 silly audit   '@babel/plugin-transform-shorthand-properties': [ '7.24.7' ],
79 silly audit   '@babel/plugin-transform-spread': [ '7.24.7' ],
79 silly audit   '@babel/plugin-transform-sticky-regex': [ '7.24.7' ],
79 silly audit   '@babel/plugin-transform-template-literals': [ '7.24.7' ],
79 silly audit   '@babel/plugin-transform-typeof-symbol': [ '7.24.7' ],
79 silly audit   '@babel/plugin-transform-unicode-escapes': [ '7.24.7' ],
79 silly audit   '@babel/plugin-transform-unicode-property-regex': [ '7.24.7' ],
79 silly audit   '@babel/plugin-transform-unicode-regex': [ '7.24.7' ],
79 silly audit   '@babel/plugin-transform-unicode-sets-regex': [ '7.24.7' ],
79 silly audit   '@babel/preset-env': [ '7.24.7' ],
79 silly audit   '@babel/preset-modules': [ '0.1.6-no-external-plugins' ],
79 silly audit   '@babel/regjsgen': [ '0.8.0' ],
79 silly audit   '@babel/runtime': [ '7.24.7' ],
79 silly audit   '@babel/template': [ '7.24.7' ],
79 silly audit   '@babel/traverse': [ '7.24.7' ],
79 silly audit   '@babel/types': [ '7.24.7' ],
79 silly audit   '@discoveryjs/json-ext': [ '0.5.7' ],
79 silly audit   '@hapi/hoek': [ '9.3.0' ],
79 silly audit   '@hapi/topo': [ '5.1.0' ],
79 silly audit   '@jridgewell/gen-mapping': [ '0.3.5' ],
79 silly audit   '@jridgewell/resolve-uri': [ '3.1.2' ],
79 silly audit   '@jridgewell/set-array': [ '1.2.1' ],
79 silly audit   '@jridgewell/source-map': [ '0.3.6' ],
79 silly audit   '@jridgewell/sourcemap-codec': [ '1.4.15' ],
79 silly audit   '@jridgewell/trace-mapping': [ '0.3.25' ],
79 silly audit   '@leichtgewicht/ip-codec': [ '2.0.5' ],
79 silly audit   '@node-ipc/js-queue': [ '2.0.3' ],
79 silly audit   '@nodelib/fs.scandir': [ '2.1.5' ],
79 silly audit   '@nodelib/fs.stat': [ '2.0.5' ],
79 silly audit   '@nodelib/fs.walk': [ '1.2.8' ],
79 silly audit   '@polka/url': [ '1.0.0-next.25' ],
79 silly audit   '@sideway/address': [ '4.1.5' ],
79 silly audit   '@sideway/formula': [ '3.0.1' ],
79 silly audit   '@sideway/pinpoint': [ '2.0.0' ],
79 silly audit   '@soda/friendly-errors-webpack-plugin': [ '1.8.1' ],
79 silly audit   'ansi-styles': [ '4.3.0', '3.2.1' ],
79 silly audit   chalk: [ '3.0.0', '4.1.2', '2.4.2' ],
79 silly audit   'color-convert': [ '2.0.1', '1.9.3' ],
79 silly audit   'color-name': [ '1.1.4', '1.1.3' ],
79 silly audit   'has-flag': [ '4.0.0', '3.0.0' ],
79 silly audit   'supports-color': [ '7.2.0', '8.1.1', '5.5.0' ],
79 silly audit   '@soda/get-current-script': [ '1.0.2' ],
79 silly audit   '@trysound/sax': [ '0.2.0' ],
79 silly audit   '@types/body-parser': [ '1.19.5' ],
79 silly audit   '@types/bonjour': [ '3.5.13' ],
79 silly audit   '@types/connect': [ '3.4.38' ],
79 silly audit   '@types/connect-history-api-fallback': [ '1.5.4' ],
79 silly audit   '@types/eslint': [ '8.56.10' ],
79 silly audit   '@types/eslint-scope': [ '3.7.7' ],
79 silly audit   '@types/estree': [ '1.0.5' ],
79 silly audit   '@types/express': [ '4.17.21' ],
79 silly audit   '@types/express-serve-static-core': [ '4.19.5' ],
79 silly audit   '@types/html-minifier-terser': [ '6.1.0' ],
79 silly audit   '@types/http-errors': [ '2.0.4' ],
79 silly audit   '@types/http-proxy': [ '1.17.14' ],
79 silly audit   '@types/json-schema': [ '7.0.15' ],
79 silly audit   '@types/mime': [ '1.3.5' ],
79 silly audit   '@types/minimist': [ '1.2.5' ],
79 silly audit   '@types/node': [ '20.14.9' ],
79 silly audit   '@types/node-forge': [ '1.3.11' ],
79 silly audit   '@types/normalize-package-data': [ '2.4.4' ],
79 silly audit   '@types/parse-json': [ '4.0.2' ],
79 silly audit   '@types/qs': [ '6.9.15' ],
79 silly audit   '@types/range-parser': [ '1.2.7' ],
79 silly audit   '@types/retry': [ '0.12.0' ],
79 silly audit   '@types/send': [ '0.17.4' ],
79 silly audit   '@types/serve-index': [ '1.9.4' ],
79 silly audit   '@types/serve-static': [ '1.15.7' ],
79 silly audit   '@types/sockjs': [ '0.3.36' ],
79 silly audit   '@types/ws': [ '8.5.10' ],
79 silly audit   '@vue/babel-helper-vue-jsx-merge-props': [ '1.4.0' ],
79 silly audit   '@vue/babel-helper-vue-transform-on': [ '1.2.2' ],
79 silly audit   '@vue/babel-plugin-jsx': [ '1.2.2' ],
79 silly audit   '@vue/babel-plugin-resolve-type': [ '1.2.2' ],
79 silly audit   '@vue/babel-plugin-transform-vue-jsx': [ '1.4.0' ],
79 silly audit   'html-tags': [ '2.0.0', '3.3.1' ],
79 silly audit   '@vue/babel-preset-app': [ '5.0.8' ],
79 silly audit   semver: [ '7.6.2', '5.7.2', '6.3.1' ],
79 silly audit   '@vue/babel-preset-jsx': [ '1.4.0' ],
79 silly audit   '@vue/babel-sugar-composition-api-inject-h': [ '1.4.0' ],
79 silly audit   '@vue/babel-sugar-composition-api-render-instance': [ '1.4.0' ],
79 silly audit   '@vue/babel-sugar-functional-vue': [ '1.4.0' ],
79 silly audit   '@vue/babel-sugar-inject-h': [ '1.4.0' ],
79 silly audit   '@vue/babel-sugar-v-model': [ '1.4.0' ],
79 silly audit   camelcase: [ '5.3.1', '6.3.0' ],
79 silly audit   '@vue/babel-sugar-v-on': [ '1.4.0' ],
79 silly audit   '@vue/cli-overlay': [ '5.0.8' ],
79 silly audit   '@vue/cli-plugin-babel': [ '5.0.8' ],
79 silly audit   '@vue/cli-plugin-router': [ '5.0.8' ],
79 silly audit   '@vue/cli-plugin-vuex': [ '5.0.8' ],
79 silly audit   '@vue/cli-service': [ '5.0.8' ],
79 silly audit   '@vue/cli-shared-utils': [ '5.0.8' ],
79 silly audit   'lru-cache': [ '6.0.0', '4.1.5', '5.1.1' ],
79 silly audit   yallist: [ '4.0.0', '2.1.2', '3.1.1' ],
79 silly audit   '@vue/compiler-core': [ '3.4.31' ],
79 silly audit   '@vue/compiler-dom': [ '3.4.31' ],
79 silly audit   '@vue/compiler-sfc': [ '3.4.31' ],
79 silly audit   '@vue/compiler-ssr': [ '3.4.31' ],
79 silly audit   '@vue/component-compiler-utils': [ '3.3.0' ],
79 silly audit   'hash-sum': [ '1.0.2', '2.0.0' ],
79 silly audit   picocolors: [ '0.2.1', '1.0.1' ],
79 silly audit   postcss: [ '7.0.39', '8.4.39' ],
79 silly audit   '@vue/shared': [ '3.4.31' ],
79 silly audit   'vue-loader': [ '15.11.1', '17.4.2' ],
79 silly audit   '@vue/web-component-wrapper': [ '1.3.0' ],
79 silly audit   '@webassemblyjs/ast': [ '1.12.1' ],
79 silly audit   '@webassemblyjs/floating-point-hex-parser': [ '1.11.6' ],
79 silly audit   '@webassemblyjs/helper-api-error': [ '1.11.6' ],
79 silly audit   '@webassemblyjs/helper-buffer': [ '1.12.1' ],
79 silly audit   '@webassemblyjs/helper-numbers': [ '1.11.6' ],
79 silly audit   '@webassemblyjs/helper-wasm-bytecode': [ '1.11.6' ],
79 silly audit   '@webassemblyjs/helper-wasm-section': [ '1.12.1' ],
79 silly audit   '@webassemblyjs/ieee754': [ '1.11.6' ],
79 silly audit   '@webassemblyjs/leb128': [ '1.11.6' ],
79 silly audit   '@webassemblyjs/utf8': [ '1.11.6' ],
79 silly audit   '@webassemblyjs/wasm-edit': [ '1.12.1' ],
79 silly audit   '@webassemblyjs/wasm-gen': [ '1.12.1' ],
79 silly audit   '@webassemblyjs/wasm-opt': [ '1.12.1' ],
79 silly audit   '@webassemblyjs/wasm-parser': [ '1.12.1' ],
79 silly audit   '@webassemblyjs/wast-printer': [ '1.12.1' ],
79 silly audit   '@xtuc/ieee754': [ '1.2.0' ],
79 silly audit   '@xtuc/long': [ '4.2.2' ],
79 silly audit   accepts: [ '1.3.8' ],
79 silly audit   acorn: [ '8.12.1' ],
79 silly audit   'acorn-import-attributes': [ '1.9.5' ],
79 silly audit   'acorn-walk': [ '8.3.3' ],
79 silly audit   address: [ '1.2.2' ],
79 silly audit   ajv: [ '6.12.6', '8.16.0' ],
79 silly audit   'ajv-formats': [ '2.1.1' ],
79 silly audit   'json-schema-traverse': [ '1.0.0', '0.4.1' ],
79 silly audit   'ajv-keywords': [ '3.5.2', '5.1.0' ],
79 silly audit   'ansi-escapes': [ '3.2.0' ],
79 silly audit   'ansi-html-community': [ '0.0.8' ],
79 silly audit   'ansi-regex': [ '5.0.1', '3.0.1' ],
79 silly audit   'any-promise': [ '1.3.0' ],
79 silly audit   anymatch: [ '3.1.3' ],
79 silly audit   arch: [ '2.2.0' ],
79 silly audit   'array-flatten': [ '1.1.1' ],
79 silly audit   'array-union': [ '2.1.0' ],
79 silly audit   async: [ '2.6.4' ],
79 silly audit   'at-least-node': [ '1.0.0' ],
79 silly audit   autoprefixer: [ '10.4.19' ],
79 silly audit   'babel-loader': [ '8.3.0' ],
79 silly audit   'loader-utils': [ '2.0.4', '1.4.2' ],
79 silly audit   'babel-plugin-dynamic-import-node': [ '2.3.3' ],
79 silly audit   'babel-plugin-polyfill-corejs2': [ '0.4.11' ],
79 silly audit   'babel-plugin-polyfill-corejs3': [ '0.10.4' ],
79 silly audit   'babel-plugin-polyfill-regenerator': [ '0.6.2' ],
79 silly audit   'balanced-match': [ '1.0.2' ],
79 silly audit   'base64-js': [ '1.5.1' ],
79 silly audit   batch: [ '0.6.1' ],
79 silly audit   'big.js': [ '5.2.2' ],
79 silly audit   'binary-extensions': [ '2.3.0' ],
79 silly audit   bl: [ '4.1.0' ],
79 silly audit   bluebird: [ '3.7.2' ],
79 silly audit   'body-parser': [ '1.20.2' ],
79 silly audit   bytes: [ '3.1.2', '3.0.0' ],
79 silly audit   debug: [ '2.6.9', '4.3.5', '3.2.7' ],
79 silly audit   ms: [ '2.0.0', '2.1.2', '2.1.3' ],
79 silly audit   'bonjour-service': [ '1.2.1' ],
79 silly audit   boolbase: [ '1.0.0' ],
79 silly audit   'brace-expansion': [ '1.1.11' ],
79 silly audit   braces: [ '3.0.3' ],
79 silly audit   browserslist: [ '4.23.1' ],
79 silly audit   buffer: [ '5.7.1' ],
79 silly audit   'buffer-from': [ '1.1.2' ],
79 silly audit   'call-bind': [ '1.0.7' ],
79 silly audit   callsites: [ '3.1.0' ],
79 silly audit   'camel-case': [ '4.1.2' ],
79 silly audit   'caniuse-api': [ '3.0.0' ],
79 silly audit   'caniuse-lite': [ '1.0.30001640' ],
79 silly audit   'case-sensitive-paths-webpack-plugin': [ '2.4.0' ],
79 silly audit   chokidar: [ '3.6.0' ],
79 silly audit   'glob-parent': [ '5.1.2', '6.0.2' ],
79 silly audit   'chrome-trace-event': [ '1.0.4' ],
79 silly audit   'clean-css': [ '5.3.3' ],
79 silly audit   'cli-cursor': [ '3.1.0', '2.1.0' ],
79 silly audit   'cli-highlight': [ '2.1.11' ],
79 silly audit   'cli-spinners': [ '2.9.2' ],
79 silly audit   clipboardy: [ '2.3.0' ],
79 silly audit   cliui: [ '7.0.4' ],
79 silly audit   clone: [ '1.0.4' ],
79 silly audit   'clone-deep': [ '4.0.1' ],
79 silly audit   colord: [ '2.9.3' ],
79 silly audit   colorette: [ '2.0.20' ],
79 silly audit   commander: [ '8.3.0', '7.2.0', '2.20.3' ],
79 silly audit   commondir: [ '1.0.1' ],
79 silly audit   compressible: [ '2.0.18' ],
79 silly audit   compression: [ '1.7.4' ],
79 silly audit   'safe-buffer': [ '5.1.2', '5.2.1' ],
79 silly audit   'concat-map': [ '0.0.1' ],
79 silly audit   'connect-history-api-fallback': [ '2.0.0' ],
79 silly audit   consolidate: [ '0.15.1' ],
79 silly audit   'content-disposition': [ '0.5.4' ],
79 silly audit   'content-type': [ '1.0.5' ],
79 silly audit   'convert-source-map': [ '2.0.0' ],
79 silly audit   cookie: [ '0.6.0' ],
79 silly audit   'cookie-signature': [ '1.0.6' ],
79 silly audit   'copy-webpack-plugin': [ '9.1.0' ],
79 silly audit   'schema-utils': [ '3.3.0', '4.2.0', '2.7.1' ],
79 silly audit   'core-js': [ '3.37.1' ],
79 silly audit   'core-js-compat': [ '3.37.1' ],
79 silly audit   'core-util-is': [ '1.0.3' ],
79 silly audit   cosmiconfig: [ '7.1.0' ],
79 silly audit   'cross-spawn': [ '6.0.5', '7.0.3' ],
79 silly audit   'css-declaration-sorter': [ '6.4.1' ],
79 silly audit   'css-loader': [ '6.11.0' ],
79 silly audit   'css-minimizer-webpack-plugin': [ '3.4.1' ],
79 silly audit   'css-select': [ '4.3.0' ],
79 silly audit   'css-tree': [ '1.1.3' ],
79 silly audit   'css-what': [ '6.1.0' ],
79 silly audit   cssesc: [ '3.0.0' ],
79 silly audit   cssnano: [ '5.1.15' ],
79 silly audit   'cssnano-preset-default': [ '5.2.14' ],
79 silly audit   'cssnano-utils': [ '3.1.0' ],
79 silly audit   csso: [ '4.2.0' ],
79 silly audit   debounce: [ '1.2.1' ],
79 silly audit   deepmerge: [ '1.5.2' ],
79 silly audit   'default-gateway': [ '6.0.3' ],
79 silly audit   execa: [ '5.1.1', '1.0.0' ],
79 silly audit   'get-stream': [ '6.0.1', '4.1.0' ],
79 silly audit   'is-stream': [ '2.0.1', '1.1.0' ],
79 silly audit   'npm-run-path': [ '4.0.1', '2.0.2' ],
79 silly audit   'path-key': [ '3.1.1', '2.0.1' ],
79 silly audit   'shebang-command': [ '2.0.0', '1.2.0' ],
79 silly audit   'shebang-regex': [ '3.0.0', '1.0.0' ],
79 silly audit   which: [ '2.0.2', '1.3.1' ],
79 silly audit   defaults: [ '1.0.4' ],
79 silly audit   'define-data-property': [ '1.1.4' ],
79 silly audit   'define-lazy-prop': [ '2.0.0' ],
79 silly audit   'define-properties': [ '1.2.1' ],
79 silly audit   depd: [ '2.0.0', '1.1.2' ],
79 silly audit   destroy: [ '1.2.0' ],
79 silly audit   'detect-node': [ '2.1.0' ],
79 silly audit   'dir-glob': [ '3.0.1' ],
79 silly audit   'dns-packet': [ '5.6.1' ],
79 silly audit   'dom-converter': [ '0.2.0' ],
79 silly audit   'dom-serializer': [ '1.4.1' ],
79 silly audit   entities: [ '2.2.0', '4.5.0' ],
79 silly audit   domelementtype: [ '2.3.0' ],
79 silly audit   domhandler: [ '4.3.1' ],
79 silly audit   domutils: [ '2.8.0' ],
79 silly audit   'dot-case': [ '3.0.4' ],
79 silly audit   dotenv: [ '10.0.0' ],
79 silly audit   'dotenv-expand': [ '5.1.0' ],
79 silly audit   duplexer: [ '0.1.2' ],
79 silly audit   'easy-stack': [ '1.0.1' ],
79 silly audit   'ee-first': [ '1.1.1' ],
79 silly audit   'electron-to-chromium': [ '1.4.816' ],
79 silly audit   'emoji-regex': [ '8.0.0' ],
79 silly audit   'emojis-list': [ '3.0.0' ],
79 silly audit   encodeurl: [ '1.0.2' ],
79 silly audit   'end-of-stream': [ '1.4.4' ],
79 silly audit   'enhanced-resolve': [ '5.17.0' ],
79 silly audit   'error-ex': [ '1.3.2' ],
79 silly audit   'error-stack-parser': [ '2.1.4' ],
79 silly audit   'es-define-property': [ '1.0.0' ],
79 silly audit   'es-errors': [ '1.3.0' ],
79 silly audit   'es-module-lexer': [ '1.5.4' ],
79 silly audit   escalade: [ '3.1.2' ],
79 silly audit   'escape-html': [ '1.0.3' ],
79 silly audit   'escape-string-regexp': [ '1.0.5', '4.0.0' ],
79 silly audit   'eslint-scope': [ '5.1.1' ],
79 silly audit   esrecurse: [ '4.3.0' ],
79 silly audit   estraverse: [ '5.3.0', '4.3.0' ],
79 silly audit   'estree-walker': [ '2.0.2' ],
79 silly audit   esutils: [ '2.0.3' ],
79 silly audit   etag: [ '1.8.1' ],
79 silly audit   'event-pubsub': [ '4.3.0' ],
79 silly audit   eventemitter3: [ '4.0.7' ],
79 silly audit   events: [ '3.3.0' ],
79 silly audit   express: [ '4.19.2' ],
79 silly audit   'fast-deep-equal': [ '3.1.3' ],
79 silly audit   'fast-glob': [ '3.3.2' ],
79 silly audit   'fast-json-stable-stringify': [ '2.1.0' ],
79 silly audit   fastq: [ '1.17.1' ],
79 silly audit   'faye-websocket': [ '0.11.4' ],
79 silly audit   figures: [ '2.0.0' ],
79 silly audit   'fill-range': [ '7.1.1' ],
79 silly audit   finalhandler: [ '1.2.0' ],
79 silly audit   'find-cache-dir': [ '3.3.2' ],
79 silly audit   'find-up': [ '4.1.0' ],
79 silly audit   flat: [ '5.0.2' ],
79 silly audit   'follow-redirects': [ '1.15.6' ],
79 silly audit   forwarded: [ '0.2.0' ],
79 silly audit   'fraction.js': [ '4.3.7' ],
79 silly audit   fresh: [ '0.5.2' ],
79 silly audit   'fs-extra': [ '9.1.0' ],
79 silly audit   'fs-monkey': [ '1.0.6' ],
79 silly audit   'fs.realpath': [ '1.0.0' ],
79 silly audit   fsevents: [ '2.3.3' ],
79 silly audit   'function-bind': [ '1.1.2' ],
79 silly audit   gensync: [ '1.0.0-beta.2' ],
79 silly audit   'get-caller-file': [ '2.0.5' ],
79 silly audit   'get-intrinsic': [ '1.2.4' ],
79 silly audit   glob: [ '7.2.3' ],
79 silly audit   'glob-to-regexp': [ '0.4.1' ],
79 silly audit   globals: [ '11.12.0' ],
79 silly audit   globby: [ '11.1.0' ],
79 silly audit   gopd: [ '1.0.1' ],
79 silly audit   'graceful-fs': [ '4.2.11' ],
79 silly audit   'gzip-size': [ '6.0.0' ],
79 silly audit   'handle-thing': [ '2.0.1' ],
79 silly audit   'has-property-descriptors': [ '1.0.2' ],
79 silly audit   'has-proto': [ '1.0.3' ],
79 silly audit   'has-symbols': [ '1.0.3' ],
79 silly audit   hasown: [ '2.0.2' ],
79 silly audit   he: [ '1.2.0' ],
79 silly audit   'highlight.js': [ '10.7.3' ],
79 silly audit   'hosted-git-info': [ '2.8.9' ],
79 silly audit   'hpack.js': [ '2.1.6' ],
79 silly audit   'readable-stream': [ '2.3.8', '3.6.2' ],
79 silly audit   string_decoder: [ '1.1.1', '1.3.0' ],
79 silly audit   'html-entities': [ '2.5.2' ],
79 silly audit   'html-escaper': [ '2.0.2' ],
79 silly audit   'html-minifier-terser': [ '6.1.0' ],
79 silly audit   'html-webpack-plugin': [ '5.6.0' ],
79 silly audit   htmlparser2: [ '6.1.0' ],
79 silly audit   'http-deceiver': [ '1.2.7' ],
79 silly audit   'http-errors': [ '2.0.0', '1.6.3' ],
79 silly audit   'http-parser-js': [ '0.5.8' ],
79 silly audit   'http-proxy': [ '1.18.1' ],
79 silly audit   'http-proxy-middleware': [ '2.0.6' ],
79 silly audit   'human-signals': [ '2.1.0' ],
79 silly audit   'iconv-lite': [ '0.4.24' ],
79 silly audit   'icss-utils': [ '5.1.0' ],
79 silly audit   ieee754: [ '1.2.1' ],
79 silly audit   ignore: [ '5.3.1' ],
79 silly audit   'import-fresh': [ '3.3.0' ],
79 silly audit   inflight: [ '1.0.6' ],
79 silly audit   inherits: [ '2.0.4', '2.0.3' ],
79 silly audit   'ipaddr.js': [ '2.2.0', '1.9.1' ],
79 silly audit   'is-arrayish': [ '0.2.1' ],
79 silly audit   'is-binary-path': [ '2.1.0' ],
79 silly audit   'is-core-module': [ '2.14.0' ],
79 silly audit   'is-docker': [ '2.2.1' ],
79 silly audit   'is-extglob': [ '2.1.1' ],
79 silly audit   'is-file-esm': [ '1.0.0' ],
79 silly audit   'is-fullwidth-code-point': [ '3.0.0', '2.0.0' ],
79 silly audit   'is-glob': [ '4.0.3' ],
79 silly audit   'is-interactive': [ '1.0.0' ],
79 silly audit   'is-number': [ '7.0.0' ],
79 silly audit   'is-plain-obj': [ '3.0.0' ],
79 silly audit   'is-plain-object': [ '2.0.4' ],
79 silly audit   'is-unicode-supported': [ '0.1.0' ],
79 silly audit   'is-wsl': [ '2.2.0' ],
79 silly audit   isarray: [ '1.0.0' ],
79 silly audit   isexe: [ '2.0.0' ],
79 silly audit   isobject: [ '3.0.1' ],
79 silly audit   'javascript-stringify': [ '2.1.0' ],
79 silly audit   'jest-worker': [ '27.5.1' ],
79 silly audit   joi: [ '17.13.3' ],
79 silly audit   'js-message': [ '1.0.7' ],
79 silly audit   'js-tokens': [ '4.0.0' ],
79 silly audit   jsesc: [ '2.5.2', '0.5.0' ],
79 silly audit   'json-parse-better-errors': [ '1.0.2' ],
79 silly audit   'json-parse-even-better-errors': [ '2.3.1' ],
79 silly audit   json5: [ '2.2.3', '1.0.2' ],
79 silly audit   jsonfile: [ '6.1.0' ],
79 silly audit   'kind-of': [ '6.0.3' ],
79 silly audit   klona: [ '2.0.6' ],
79 silly audit   'launch-editor': [ '2.8.0' ],
79 silly audit   'launch-editor-middleware': [ '2.8.0' ],
79 silly audit   lilconfig: [ '2.1.0' ],
79 silly audit   'lines-and-columns': [ '1.2.4' ],
79 silly audit   'loader-runner': [ '4.3.0' ],
79 silly audit   'locate-path': [ '5.0.0' ],
79 silly audit   lodash: [ '4.17.21' ],
79 silly audit   'lodash.debounce': [ '4.0.8' ],
79 silly audit   'lodash.defaultsdeep': [ '4.6.1' ],
79 silly audit   'lodash.kebabcase': [ '4.1.1' ],
79 silly audit   'lodash.mapvalues': [ '4.6.0' ],
79 silly audit   'lodash.memoize': [ '4.1.2' ],
79 silly audit   'lodash.uniq': [ '4.5.0' ],
79 silly audit   'log-symbols': [ '4.1.0' ],
79 silly audit   'log-update': [ '2.3.0' ],
79 silly audit   'mimic-fn': [ '1.2.0', '2.1.0' ],
79 silly audit   onetime: [ '2.0.1', '5.1.2' ],
79 silly audit   'restore-cursor': [ '2.0.0', '3.1.0' ],
79 silly audit   'string-width': [ '2.1.1', '4.2.3' ],
79 silly audit   'strip-ansi': [ '4.0.0', '6.0.1' ],
79 silly audit   'wrap-ansi': [ '3.0.1', '7.0.0' ],
79 silly audit   'lower-case': [ '2.0.2' ],
79 silly audit   'magic-string': [ '0.30.10' ],
79 silly audit   'make-dir': [ '3.1.0' ],
79 silly audit   'mdn-data': [ '2.0.14' ],
79 silly audit   'media-typer': [ '0.3.0' ],
79 silly audit   memfs: [ '3.5.3' ],
79 silly audit   'merge-descriptors': [ '1.0.1' ],
79 silly audit   'merge-source-map': [ '1.1.0' ],
79 silly audit   'merge-stream': [ '2.0.0' ],
79 silly audit   merge2: [ '1.4.1' ],
79 silly audit   methods: [ '1.1.2' ],
79 silly audit   micromatch: [ '4.0.7' ],
79 silly audit   mime: [ '1.6.0' ],
79 silly audit   'mime-db': [ '1.52.0' ],
79 silly audit   'mime-types': [ '2.1.35' ],
79 silly audit   'mini-css-extract-plugin': [ '2.9.0' ],
79 silly audit   'minimalistic-assert': [ '1.0.1' ],
79 silly audit   minimatch: [ '3.1.2' ],
79 silly audit   minimist: [ '1.2.8' ],
79 silly audit   minipass: [ '3.3.6' ],
79 silly audit   mkdirp: [ '0.5.6' ],
79 silly audit   'module-alias': [ '2.2.3' ],
79 silly audit   mrmime: [ '2.0.0' ],
79 silly audit   'multicast-dns': [ '7.2.5' ],
79 silly audit   mz: [ '2.7.0' ],
79 silly audit   nanoid: [ '3.3.7' ],
79 silly audit   negotiator: [ '0.6.3' ],
79 silly audit   'neo-async': [ '2.6.2' ],
79 silly audit   'nice-try': [ '1.0.5' ],
79 silly audit   'no-case': [ '3.0.4' ],
79 silly audit   'node-fetch': [ '2.7.0' ],
79 silly audit   'node-forge': [ '1.3.1' ],
79 silly audit   'node-releases': [ '2.0.14' ],
79 silly audit   'normalize-package-data': [ '2.5.0' ],
79 silly audit   'normalize-path': [ '3.0.0' ],
79 silly audit   'normalize-range': [ '0.1.2' ],
79 silly audit   'normalize-url': [ '6.1.0' ],
79 silly audit   'nth-check': [ '2.1.1' ],
79 silly audit   'object-assign': [ '4.1.1' ],
79 silly audit   'object-inspect': [ '1.13.2' ],
79 silly audit   'object-keys': [ '1.1.1' ],
79 silly audit   'object.assign': [ '4.1.5' ],
79 silly audit   obuf: [ '1.1.2' ],
79 silly audit   'on-finished': [ '2.4.1' ],
79 silly audit   'on-headers': [ '1.0.2' ],
79 silly audit   once: [ '1.4.0' ],
79 silly audit   open: [ '8.4.2' ],
79 silly audit   opener: [ '1.5.2' ],
79 silly audit   ora: [ '5.4.1' ],
79 silly audit   'p-finally': [ '1.0.0' ],
79 silly audit   'p-limit': [ '2.3.0' ],
79 silly audit   'p-locate': [ '4.1.0' ],
79 silly audit   'p-retry': [ '4.6.2' ],
79 silly audit   'p-try': [ '2.2.0' ],
79 silly audit   'param-case': [ '3.0.4' ],
79 silly audit   'parent-module': [ '1.0.1' ],
79 silly audit   'parse-json': [ '5.2.0' ],
79 silly audit   parse5: [ '5.1.1', '6.0.1' ],
79 silly audit   'parse5-htmlparser2-tree-adapter': [ '6.0.1' ],
79 silly audit   parseurl: [ '1.3.3' ],
79 silly audit   'pascal-case': [ '3.1.2' ],
79 silly audit   'path-exists': [ '4.0.0' ],
79 silly audit   'path-is-absolute': [ '1.0.1' ],
79 silly audit   'path-parse': [ '1.0.7' ],
79 silly audit   'path-to-regexp': [ '0.1.7' ],
79 silly audit   'path-type': [ '4.0.0' ],
79 silly audit   picomatch: [ '2.3.1' ],
79 silly audit   'pkg-dir': [ '4.2.0' ],
79 silly audit   portfinder: [ '1.0.32' ],
79 silly audit   'postcss-calc': [ '8.2.4' ],
79 silly audit   'postcss-colormin': [ '5.3.1' ],
79 silly audit   'postcss-convert-values': [ '5.1.3' ],
79 silly audit   'postcss-discard-comments': [ '5.1.2' ],
79 silly audit   'postcss-discard-duplicates': [ '5.1.0' ],
79 silly audit   'postcss-discard-empty': [ '5.1.1' ],
79 silly audit   'postcss-discard-overridden': [ '5.1.0' ],
79 silly audit   'postcss-loader': [ '6.2.1' ],
79 silly audit   'postcss-merge-longhand': [ '5.1.7' ],
79 silly audit   'postcss-merge-rules': [ '5.1.4' ],
79 silly audit   'postcss-minify-font-values': [ '5.1.0' ],
79 silly audit   'postcss-minify-gradients': [ '5.1.1' ],
79 silly audit   'postcss-minify-params': [ '5.1.4' ],
79 silly audit   'postcss-minify-selectors': [ '5.2.1' ],
79 silly audit   'postcss-modules-extract-imports': [ '3.1.0' ],
79 silly audit   'postcss-modules-local-by-default': [ '4.0.5' ],
79 silly audit   'postcss-modules-scope': [ '3.2.0' ],
79 silly audit   'postcss-modules-values': [ '4.0.0' ],
79 silly audit   'postcss-normalize-charset': [ '5.1.0' ],
79 silly audit   'postcss-normalize-display-values': [ '5.1.0' ],
79 silly audit   'postcss-normalize-positions': [ '5.1.1' ],
79 silly audit   'postcss-normalize-repeat-style': [ '5.1.1' ],
79 silly audit   'postcss-normalize-string': [ '5.1.0' ],
79 silly audit   'postcss-normalize-timing-functions': [ '5.1.0' ],
79 silly audit   'postcss-normalize-unicode': [ '5.1.1' ],
79 silly audit   'postcss-normalize-url': [ '5.1.0' ],
79 silly audit   'postcss-normalize-whitespace': [ '5.1.1' ],
79 silly audit   'postcss-ordered-values': [ '5.1.3' ],
79 silly audit   'postcss-reduce-initial': [ '5.1.2' ],
79 silly audit   'postcss-reduce-transforms': [ '5.1.0' ],
79 silly audit   'postcss-selector-parser': [ '6.1.0' ],
79 silly audit   'postcss-svgo': [ '5.1.0' ],
79 silly audit   'postcss-unique-selectors': [ '5.1.1' ],
79 silly audit   'postcss-value-parser': [ '4.2.0' ],
79 silly audit   prettier: [ '2.8.8' ],
79 silly audit   'pretty-error': [ '4.0.0' ],
79 silly audit   'process-nextick-args': [ '2.0.1' ],
79 silly audit   'progress-webpack-plugin': [ '1.0.16' ],
79 silly audit   'proxy-addr': [ '2.0.7' ],
79 silly audit   pseudomap: [ '1.0.2' ],
79 silly audit   pump: [ '3.0.0' ],
79 silly audit   punycode: [ '2.3.1' ],
79 silly audit   qs: [ '6.11.0' ],
79 silly audit   'queue-microtask': [ '1.2.3' ],
79 silly audit   randombytes: [ '2.1.0' ],
79 silly audit   'range-parser': [ '1.2.1' ],
79 silly audit   'raw-body': [ '2.5.2' ],
79 silly audit   'read-pkg': [ '5.2.0' ],
79 silly audit   'read-pkg-up': [ '7.0.1' ],
79 silly audit   'type-fest': [ '0.8.1', '0.6.0' ],
79 silly audit   readdirp: [ '3.6.0' ],
79 silly audit   regenerate: [ '1.4.2' ],
79 silly audit   'regenerate-unicode-properties': [ '10.1.1' ],
79 silly audit   'regenerator-runtime': [ '0.14.1' ],
79 silly audit   'regenerator-transform': [ '0.15.2' ],
79 silly audit   'regexpu-core': [ '5.3.2' ],
79 silly audit   regjsparser: [ '0.9.1' ],
79 silly audit   relateurl: [ '0.2.7' ],
79 silly audit   renderkid: [ '3.0.0' ],
79 silly audit   'require-directory': [ '2.1.1' ],
79 silly audit   'require-from-string': [ '2.0.2' ],
79 silly audit   'requires-port': [ '1.0.0' ],
79 silly audit   resolve: [ '1.22.8' ],
79 silly audit   'resolve-from': [ '4.0.0' ],
79 silly audit   retry: [ '0.13.1' ],
79 silly audit   reusify: [ '1.0.4' ],
79 silly audit   rimraf: [ '3.0.2' ],
79 silly audit   'run-parallel': [ '1.2.0' ],
79 silly audit   'safer-buffer': [ '2.1.2' ],
79 silly audit   'select-hose': [ '2.0.0' ],
79 silly audit   selfsigned: [ '2.4.1' ],
79 silly audit   send: [ '0.18.0' ],
79 silly audit   'serialize-javascript': [ '6.0.2' ],
79 silly audit   'serve-index': [ '1.9.1' ],
79 silly audit   setprototypeof: [ '1.1.0', '1.2.0' ],
79 silly audit   statuses: [ '1.5.0', '2.0.1' ],
79 silly audit   'serve-static': [ '1.15.0' ],
79 silly audit   'set-function-length': [ '1.2.2' ],
79 silly audit   'shallow-clone': [ '3.0.1' ],
79 silly audit   'shell-quote': [ '1.8.1' ],
79 silly audit   'side-channel': [ '1.0.6' ],
79 silly audit   'signal-exit': [ '3.0.7' ],
79 silly audit   sirv: [ '2.0.4' ],
79 silly audit   slash: [ '3.0.0' ],
79 silly audit   sockjs: [ '0.3.24' ],
79 silly audit   'source-map': [ '0.6.1' ],
79 silly audit   'source-map-js': [ '1.2.0' ],
79 silly audit   'source-map-support': [ '0.5.21' ],
79 silly audit   'spdx-correct': [ '3.2.0' ],
79 silly audit   'spdx-exceptions': [ '2.5.0' ],
79 silly audit   'spdx-expression-parse': [ '3.0.1' ],
79 silly audit   'spdx-license-ids': [ '3.0.18' ],
79 silly audit   spdy: [ '4.0.2' ],
79 silly audit   'spdy-transport': [ '3.0.0' ],
79 silly audit   ssri: [ '8.0.1' ],
79 silly audit   stable: [ '0.1.8' ],
79 silly audit   stackframe: [ '1.3.4' ],
79 silly audit   'strip-eof': [ '1.0.0' ],
79 silly audit   'strip-final-newline': [ '2.0.0' ],
79 silly audit   stylehacks: [ '5.1.1' ],
79 silly audit   'supports-preserve-symlinks-flag': [ '1.0.0' ],
79 silly audit   'svg-tags': [ '1.0.0' ],
79 silly audit   svgo: [ '2.8.0' ],
79 silly audit   tapable: [ '2.2.1' ],
79 silly audit   terser: [ '5.31.1' ],
79 silly audit   'terser-webpack-plugin': [ '5.3.10' ],
79 silly audit   thenify: [ '3.3.1' ],
79 silly audit   'thenify-all': [ '1.6.0' ],
79 silly audit   'thread-loader': [ '3.0.4' ],
79 silly audit   thunky: [ '1.1.0' ],
79 silly audit   'to-fast-properties': [ '2.0.0' ],
79 silly audit   'to-regex-range': [ '5.0.1' ],
79 silly audit   toidentifier: [ '1.0.1' ],
79 silly audit   totalist: [ '3.0.1' ],
79 silly audit   tr46: [ '0.0.3' ],
79 silly audit   tslib: [ '2.6.3' ],
79 silly audit   'type-is': [ '1.6.18' ],
79 silly audit   'undici-types': [ '5.26.5' ],
79 silly audit   'unicode-canonical-property-names-ecmascript': [ '2.0.0' ],
79 silly audit   'unicode-match-property-ecmascript': [ '2.0.0' ],
79 silly audit   'unicode-match-property-value-ecmascript': [ '2.1.0' ],
79 silly audit   'unicode-property-aliases-ecmascript': [ '2.1.0' ],
79 silly audit   universalify: [ '2.0.1' ],
79 silly audit   unpipe: [ '1.0.0' ],
79 silly audit   'update-browserslist-db': [ '1.1.0' ],
79 silly audit   'uri-js': [ '4.4.1' ],
79 silly audit   'util-deprecate': [ '1.0.2' ],
79 silly audit   utila: [ '0.4.0' ],
79 silly audit   'utils-merge': [ '1.0.1' ],
79 silly audit   uuid: [ '8.3.2' ],
79 silly audit   'validate-npm-package-license': [ '3.0.4' ],
79 silly audit   vary: [ '1.1.2' ],
79 silly audit   'vue-hot-reload-api': [ '2.3.4' ],
79 silly audit   'vue-style-loader': [ '4.1.3' ],
79 silly audit   'vue-template-es2015-compiler': [ '1.9.1' ],
79 silly audit   watchpack: [ '2.4.1' ],
79 silly audit   wbuf: [ '1.7.3' ],
79 silly audit   wcwidth: [ '1.0.1' ],
79 silly audit   'webidl-conversions': [ '3.0.1' ],
79 silly audit   webpack: [ '5.92.1' ],
79 silly audit   'webpack-bundle-analyzer': [ '4.10.2' ],
79 silly audit   'webpack-chain': [ '6.5.1' ],
79 silly audit   'webpack-dev-middleware': [ '5.3.4' ],
79 silly audit   'webpack-dev-server': [ '4.15.2' ],
79 silly audit   ws: [ '8.18.0', '7.5.10' ],
79 silly audit   'webpack-merge': [ '5.10.0' ],
79 silly audit   'webpack-sources': [ '3.2.3' ],
79 silly audit   'webpack-virtual-modules': [ '0.4.6' ],
79 silly audit   'websocket-driver': [ '0.7.4' ],
79 silly audit   'websocket-extensions': [ '0.1.4' ],
79 silly audit   'whatwg-fetch': [ '3.6.20' ],
79 silly audit   'whatwg-url': [ '5.0.0' ],
79 silly audit   wildcard: [ '2.0.1' ],
79 silly audit   wrappy: [ '1.0.2' ],
79 silly audit   y18n: [ '5.0.8' ],
79 silly audit   yaml: [ '1.10.2' ],
79 silly audit   yargs: [ '16.2.0' ],
79 silly audit   'yargs-parser': [ '20.2.9' ],
79 silly audit   vue: [ '3.4.31' ],
79 silly audit   'vue-router': [ '4.4.0' ],
79 silly audit   '@vue/runtime-dom': [ '3.4.31' ],
79 silly audit   '@vue/server-renderer': [ '3.4.31' ],
79 silly audit   '@vue/reactivity': [ '3.4.31' ],
79 silly audit   '@vue/runtime-core': [ '3.4.31' ],
79 silly audit   csstype: [ '3.1.3' ],
79 silly audit   '@vue/devtools-api': [ '6.6.3' ]
79 silly audit }
80 verbose reify failed optional dependency C:\Users\bdani\Desktop\Bázisnet\test-project\node_modules\fsevents
81 silly reify mark deleted [
81 silly reify   'C:\\Users\\bdani\\Desktop\\Bázisnet\\test-project\\node_modules\\fsevents'
81 silly reify ]
82 timing reifyNode:node_modules/fsevents Completed in 5ms
83 silly tarball no local data for @vue/reactivity@https://registry.npmmirror.com/@vue/reactivity/-/reactivity-3.4.31.tgz. Extracting by manifest.
84 silly tarball no local data for @vue/devtools-api@https://registry.npmmirror.com/@vue/devtools-api/-/devtools-api-6.6.3.tgz. Extracting by manifest.
85 silly tarball no local data for csstype@https://registry.npmmirror.com/csstype/-/csstype-3.1.3.tgz. Extracting by manifest.
86 silly tarball no local data for @vue/runtime-core@https://registry.npmmirror.com/@vue/runtime-core/-/runtime-core-3.4.31.tgz. Extracting by manifest.
87 silly tarball no local data for @vue/server-renderer@https://registry.npmmirror.com/@vue/server-renderer/-/server-renderer-3.4.31.tgz. Extracting by manifest.
88 silly tarball no local data for @vue/runtime-dom@https://registry.npmmirror.com/@vue/runtime-dom/-/runtime-dom-3.4.31.tgz. Extracting by manifest.
89 silly tarball no local data for vue-router@https://registry.npmmirror.com/vue-router/-/vue-router-4.4.0.tgz. Extracting by manifest.
90 silly tarball no local data for vue@https://registry.npmmirror.com/vue/-/vue-3.4.31.tgz. Extracting by manifest.
91 http fetch POST 404 https://registry.npmmirror.com/-/npm/v1/security/advisories/bulk 106ms
92 silly audit bulk request failed [object Object]
93 http fetch POST 404 https://registry.npmmirror.com/-/npm/v1/security/audits/quick 96ms
94 verbose audit error HttpErrorGeneral: 404 Not Found - POST https://registry.npmmirror.com/-/npm/v1/security/audits/quick - [NOT_IMPLEMENTED] /-/npm/v1/security/* not implemented yet
94 verbose audit error     at C:\Users\bdani\AppData\Roaming\npm\node_modules\npm\node_modules\npm-registry-fetch\lib\check-response.js:95:15
94 verbose audit error     at process.processTicksAndRejections (node:internal/process/task_queues:95:5)
94 verbose audit error     at async [getReport] (C:\Users\bdani\AppData\Roaming\npm\node_modules\npm\node_modules\@npmcli\arborist\lib\audit-report.js:335:21)
94 verbose audit error     at async AuditReport.run (C:\Users\bdani\AppData\Roaming\npm\node_modules\npm\node_modules\@npmcli\arborist\lib\audit-report.js:106:19) {
94 verbose audit error   headers: [Object: null prototype] {
94 verbose audit error     server: [ 'Tengine' ],
94 verbose audit error     date: [ 'Thu, 04 Jul 2024 16:00:37 GMT' ],
94 verbose audit error     'content-type': [ 'application/json' ],
94 verbose audit error     'transfer-encoding': [ 'chunked' ],
94 verbose audit error     connection: [ 'keep-alive' ],
94 verbose audit error     'strict-transport-security': [ 'max-age=5184000' ],
94 verbose audit error     via: [ 'cache24.ru7[,404666]' ],
94 verbose audit error     'timing-allow-origin': [ '*' ],
94 verbose audit error     eagleid: [ '68a6b6ac17201088370471413e' ],
94 verbose audit error     'x-fetch-attempts': [ '1' ]
94 verbose audit error   },
94 verbose audit error   statusCode: 404,
94 verbose audit error   code: 'E404',
94 verbose audit error   method: 'POST',
94 verbose audit error   uri: 'https://registry.npmmirror.com/-/npm/v1/security/audits/quick',
94 verbose audit error   body: {
94 verbose audit error     error: '[NOT_IMPLEMENTED] /-/npm/v1/security/* not implemented yet'
94 verbose audit error   },
94 verbose audit error   pkgid: undefined
94 verbose audit error }
95 silly audit error [object Object]
96 timing auditReport:getReport Completed in 641ms
97 silly audit report null
98 timing reify:audit Completed in 641ms
99 http fetch GET 200 https://cdn.npmmirror.com/packages/%40vue/devtools-api/6.6.3/devtools-api-6.6.3.tgz 858ms (cache miss)
100 timing reifyNode:node_modules/@vue/devtools-api Completed in 925ms
101 http fetch GET 200 https://cdn.npmmirror.com/packages/%40vue/reactivity/3.4.31/reactivity-3.4.31.tgz 963ms (cache miss)
102 timing reifyNode:node_modules/@vue/reactivity Completed in 974ms
103 http fetch GET 200 https://cdn.npmmirror.com/packages/vue-router/4.4.0/vue-router-4.4.0.tgz 1234ms (cache miss)
104 timing reifyNode:node_modules/vue-router Completed in 1247ms
105 http fetch GET 200 https://cdn.npmmirror.com/packages/%40vue/runtime-dom/3.4.31/runtime-dom-3.4.31.tgz 1320ms (cache miss)
106 timing reifyNode:node_modules/@vue/runtime-dom Completed in 1334ms
107 http fetch GET 200 https://cdn.npmmirror.com/packages/%40vue/runtime-core/3.4.31/runtime-core-3.4.31.tgz 1541ms (cache miss)
108 timing reifyNode:node_modules/@vue/runtime-core Completed in 1554ms
109 http fetch GET 200 https://cdn.npmmirror.com/packages/%40vue/server-renderer/3.4.31/server-renderer-3.4.31.tgz 1561ms (cache miss)
110 timing reifyNode:node_modules/@vue/server-renderer Completed in 1573ms
111 http fetch GET 200 https://cdn.npmmirror.com/packages/csstype/3.1.3/csstype-3.1.3.tgz 1588ms (cache miss)
112 timing reifyNode:node_modules/csstype Completed in 1600ms
113 http fetch GET 200 https://cdn.npmmirror.com/packages/vue/3.4.31/vue-3.4.31.tgz 1826ms (cache miss)
114 timing reifyNode:node_modules/vue Completed in 1841ms
115 timing reify:unpack Completed in 1842ms
116 timing reify:unretire Completed in 0ms
117 timing build:queue Completed in 7ms
118 timing build:deps Completed in 7ms
119 timing build Completed in 7ms
120 timing reify:build Completed in 8ms
121 timing reify:trash Completed in 1ms
122 timing reify:save Completed in 403ms
123 timing reify Completed in 7552ms
124 silly ADD node_modules/@vue/devtools-api
125 silly ADD node_modules/csstype
126 silly ADD node_modules/@vue/runtime-core
127 silly ADD node_modules/@vue/reactivity
128 silly ADD node_modules/@vue/server-renderer
129 silly ADD node_modules/@vue/runtime-dom
130 silly ADD node_modules/vue-router
131 silly ADD node_modules/vue
132 silly ADD
133 timing command:install Completed in 7574ms
134 verbose exit 0
135 timing npm Completed in 8161ms
136 info ok
